<?xml version="1.0" encoding="UTF-8"?>
<!-- Generated by org.testng.reporters.JUnitReportReporter -->
<testsuite hostname="lenovo-y510p" name="com.paypal.merchant.retail.services.tabRelay.TabRelayServiceTest" tests="3" failures="0" timestamp="9 Jul 2014 19:39:00 GMT" time="2.924" errors="0">
  <testcase name="testStart" time="2.917" classname="com.paypal.merchant.retail.services.tabRelay.TabRelayServiceTest"/>
  <testcase name="testRestart" time="0.007" classname="com.paypal.merchant.retail.services.tabRelay.TabRelayServiceTest"/>
  <testcase name="testStop" time="0.000" classname="com.paypal.merchant.retail.services.tabRelay.TabRelayServiceTest"/>
</testsuite> <!-- com.paypal.merchant.retail.services.tabRelay.TabRelayServiceTest -->
